********************************************************************************
DUPLICATOR-LITE PACKAGE-LOG: May 12, 2025 7:11 pm
NOTICE: Do NOT post to public sites or forums 
********************************************************************************
VERSION:	1.5.12
WORDPRESS:	6.7.2
PHP INFO:	8.2.12 | SAPI: apache2handler
SERVER:		Apache/2.4.58 (Win64) OpenSSL/3.1.3 PHP/8.2.12 
PHP TIME LIMIT: (0) no time limit imposed 
PHP MAX MEMORY: 4294967296 (512M default) 
MEMORY STACK: 138MB

********************************************************************************
DATABASE:
********************************************************************************
BUILD MODE:   MYSQLDUMP
MYSQLTIMEOUT: 5000
MYSQLDUMP:    Is Supported
SQL CREATED: 20250420_sonhar_1e29383f1f6fc66a4317_20250512191039_database.sql
SQL FILE SIZE: 14.01MB (14689783)
SQL FILE TIME: 2025-05-12 19:12:34
SQL RUNTIME: 34.57 sec.

********************************************************************************
ARCHIVE (ZIP):
********************************************************************************
ARCHIVE DIR:  C:/xampp/htdocs/sonhar
ARCHIVE FILE: 20250420_sonhar_1e29383f1f6fc66a4317_20250512191039_archive.zip
FILTERS: *OFF*
DIRS:
	not set
FILES:
	not set
EXTS:  not set
----------------------------------------
COMPRESSING
SIZE:	0B
STATS:	Dirs 0 | Files 0
SQL ADDED: 20250420_sonhar_1e29383f1f6fc66a4317_20250512191039_database.sql
ZipArchive Object
(
    [lastId] => 0
    [status] => 0
    [statusSys] => 0
    [numFiles] => 1
    [filename] => C:\xampp\htdocs\sonhar\wp-content\backups-dup-lite\tmp\20250420_sonhar_1e29383f1f6fc66a4317_20250512191039_archive.zip
    [comment] => 
)

FILE ADDED TO ZIP: 0
COMPRESSION RESULT: '1'
COMPRESSED SIZE: 1.2MB
ARCHIVE RUNTIME: 0.79 sec.
MEMORY STACK: 140MB
building installer
ARCHIVE CONSISTENCY TEST: PASS

********************************************************************************
INTEGRITY CHECKS:
********************************************************************************
SQL FILE: 14.01MB
INSTALLER FILE: 73.49KB
ARCHIVE FILE: 2.98MB 
EXPECTED FILE/DIRECTORY COUNT: 0
ACTUAL FILE/DIRECTORY COUNT: 0
ARCHIVE CONSISTENCY TEST: Pass

********************************************************************************
RECORD ID:[4]
TOTAL PROCESS RUNTIME: 36.96 sec.
PEAK PHP MEMORY USED: 142MB
DONE PROCESSING => 20250420_sonhar May 12, 2025 7:12 pm

